Importer Log Report
Project : Group

Section : Analyze Document - C:\Users\samue\Desktop\Food-Computer\Hardware\PCB Files\OpenAGBoardPart1.brd
    Analyzing data of C:\Users\samue\Desktop\Food-Computer\Hardware\PCB Files\OpenAGBoardPart1.brd
    Load settings
    Load layers 131
    Load Library "SparkFun-Connectors"
    Load Packages 3
    Load Library "SparkFun-Capacitors"
    Load Packages 1
    Load Library "SparkFun-PowerIC"
    Load Packages 1
    Load Library "SparkFun-Passives"
    Load Packages 3
    Load Library "adafruit"
    Load Packages 3
    Load Library "SparkFun-Boards"
    Load Packages 1
    Load Library "SparkFun-Retired"
    Load Packages 1
EndSection

Section : Analyze Document - C:\Users\samue\Desktop\Food-Computer\Hardware\PCB Files\OpenAGBoardPart1.sch
    Analyzing data of C:\Users\samue\Desktop\Food-Computer\Hardware\PCB Files\OpenAGBoardPart1.sch
    Load settings
    Load layers 131
    Load schematic
    Load Libraries 8
    Load Library "SparkFun-Connectors"
    Load Packages 50
    Load Symbols 3
    Load DeviceSets 3
    Load Library "SparkFun-Capacitors"
    Load Packages 14
    Load Symbols 1
    Load DeviceSets 1
    Load Library "SparkFun-Aesthetics"
    Load Packages 0
    Load Symbols 4
    Load DeviceSets 4
    Load Library "SparkFun-PowerIC"
    Load Packages 5
    Load Symbols 1
    Load DeviceSets 1
    Load Library "SparkFun-Passives"
    Load Packages 32
    Load Symbols 2
    Load DeviceSets 2
    Load Library "adafruit"
    Load Packages 35
    Load Symbols 3
    Load DeviceSets 3
    Load Library "SparkFun-Boards"
    Load Packages 6
    Load Symbols 1
    Load DeviceSets 1
    Load Library "SparkFun-Retired"
    Load Packages 3
    Load Symbols 1
    Load DeviceSets 1
    Load Attributes 0
    Load Classes 1
    Load Parts 60
    Load Sheets 1
EndSection

Section : Analyze Document - C:\Users\samue\Desktop\Food-Computer\Hardware\PCB Files\OpenAGBoardPart2.brd
    Analyzing data of C:\Users\samue\Desktop\Food-Computer\Hardware\PCB Files\OpenAGBoardPart2.brd
    Load settings
    Load layers 131
    Load Library "adafruit"
    Load Packages 3
    Load Library "SparkFun-Connectors"
    Load Packages 2
EndSection

Section : Analyze Document - C:\Users\samue\Desktop\Food-Computer\Hardware\PCB Files\OpenAGBoardPart2.sch
    Analyzing data of C:\Users\samue\Desktop\Food-Computer\Hardware\PCB Files\OpenAGBoardPart2.sch
    Load settings
    Load layers 131
    Load schematic
    Load Libraries 2
    Load Library "adafruit"
    Load Packages 12
    Load Symbols 3
    Load DeviceSets 3
    Load Library "SparkFun-Connectors"
    Load Packages 19
    Load Symbols 1
    Load DeviceSets 1
    Load Attributes 0
    Load Classes 1
    Load Parts 48
    Load Sheets 1
EndSection

Section : Analyze Document - C:\Users\samue\Desktop\Food-Computer\Hardware\PCB Files\RHC12.brd
    Analyzing data of C:\Users\samue\Desktop\Food-Computer\Hardware\PCB Files\RHC12.brd
    Load settings
    Load layers 136
    Load Library "Seeed-OPL-Connector"
    Load Packages 1
    Load Library "SparkFun-Connectors"
    Load Packages 3
EndSection

Section : Analyze Document - C:\Users\samue\Desktop\Food-Computer\Hardware\PCB Files\RHC12.sch
    Analyzing data of C:\Users\samue\Desktop\Food-Computer\Hardware\PCB Files\RHC12.sch
    Load settings
    Load layers 136
    Load schematic
    Load Libraries 2
    Load Library "SparkFun-Connectors"
    Load Packages 42
    Load Symbols 2
    Load DeviceSets 2
    Load Library "Seeed-OPL-Connector"
    Load Packages 1
    Load Symbols 1
    Load DeviceSets 1
    Load Attributes 0
    Load Classes 1
    Load Parts 8
    Load Sheets 1
EndSection

Section : Analyze Document - C:\Users\samue\Desktop\Food-Computer\Hardware\PCB Files\RHC12-BTA.brd
    Analyzing data of C:\Users\samue\Desktop\Food-Computer\Hardware\PCB Files\RHC12-BTA.brd
    Load settings
    Load layers 150
    Load Library "SparkFun-Connectors"
    Load Packages 2
    Load Library "SparkFun-Passives"
    Load Packages 1
EndSection

Section : Analyze Document - C:\Users\samue\Desktop\Food-Computer\Hardware\PCB Files\RHC12-BTA.sch
    Analyzing data of C:\Users\samue\Desktop\Food-Computer\Hardware\PCB Files\RHC12-BTA.sch
    Load settings
    Load layers 150
    Load schematic
    Load Libraries 2
    Load Library "SparkFun-Connectors"
    Load Packages 42
    Load Symbols 2
    Load DeviceSets 2
    Load Library "SparkFun-Passives"
    Load Packages 14
    Load Symbols 1
    Load DeviceSets 1
    Load Attributes 0
    Load Classes 1
    Load Parts 6
    Load Sheets 1
EndSection
